<?xml version="1.0" encoding="UTF-8"?>
<!-- Generated by org.testng.reporters.JUnitXMLReporter -->
<testsuite ignored="0" hostname="Qcentris-396" failures="1" tests="2" name="Test" time="7.852" errors="0" timestamp="2024-12-09T16:33:46 EET">
  <testcase classname="tests.LandingPageTest" name="testLogin" time="0.315"/>
  <testcase classname="tests.ProductCatalogueTest" name="testAddItemsLessThanTenDollarsToCart" time="0.008">
    <failure type="java.lang.NullPointerException" message="Cannot invoke &amp;quot;org.openqa.selenium.WebDriver.findElements(org.openqa.selenium.By)&amp;quot; because &amp;quot;this.driver&amp;quot; is null">
      <![CDATA[java.lang.NullPointerException: Cannot invoke "org.openqa.selenium.WebDriver.findElements(org.openqa.selenium.By)" because "this.driver" is null
at pageobjects.ProductCataloguePage.getProductNames(ProductCataloguePage.java:22)
at procedures.ProductCatalogueProcedures.addItemsLessThanTenDollarsToCart(ProductCatalogueProcedures.java:15)
at tests.ProductCatalogueTest.testAddItemsLessThanTenDollarsToCart(ProductCatalogueTest.java:27)
at java.base/java.util.ArrayList.forEach(ArrayList.java:1596)
... Removed 25 stack frames]]>
    </failure>
  </testcase> <!-- testAddItemsLessThanTenDollarsToCart -->
</testsuite> <!-- Test -->
